  Collaboration.cpp
C:\Users\danie\source\repos\TaskManager\TaskManager\TaskManager\Collaboration.h(2,10): warning C4067: unexpected tokens following preprocessor directive - expected a newline
C:\Users\danie\source\repos\TaskManager\TaskManager\TaskManager\Collaboration.h(3,10): warning C4067: unexpected tokens following preprocessor directive - expected a newline
C:\Users\danie\source\repos\TaskManager\TaskManager\TaskManager\Collaboration.h(4,10): warning C4067: unexpected tokens following preprocessor directive - expected a newline
C:\Users\danie\source\repos\TaskManager\TaskManager\TaskManager\Collaboration.cpp(37,51): warning C4267: 'argument': conversion from 'size_t' to 'unsigned int', possible loss of data
C:\Users\danie\source\repos\TaskManager\TaskManager\TaskManager\Collaboration.cpp(39,25): warning C4267: 'argument': conversion from 'size_t' to 'unsigned int', possible loss of data
C:\Users\danie\source\repos\TaskManager\TaskManager\TaskManager\Collaboration.cpp(50,34): warning C4267: 'argument': conversion from 'size_t' to 'unsigned int', possible loss of data
C:\Users\danie\source\repos\TaskManager\TaskManager\TaskManager\Collaboration.cpp(63,42): warning C4267: 'argument': conversion from 'size_t' to 'unsigned int', possible loss of data
C:\Users\danie\source\repos\TaskManager\TaskManager\TaskManager\Collaboration.cpp(75,20): warning C4267: 'argument': conversion from 'size_t' to 'unsigned int', possible loss of data
C:\Users\danie\source\repos\TaskManager\TaskManager\TaskManager\Collaboration.cpp(89,9): warning C4267: 'argument': conversion from 'size_t' to 'unsigned int', possible loss of data
C:\Users\danie\source\repos\TaskManager\TaskManager\TaskManager\Collaboration.cpp(98,35): warning C4267: 'argument': conversion from 'size_t' to 'unsigned int', possible loss of data
C:\Users\danie\source\repos\TaskManager\TaskManager\TaskManager\Collaboration.cpp(98,76): warning C4267: 'argument': conversion from 'size_t' to 'unsigned int', possible loss of data
C:\Users\danie\source\repos\TaskManager\TaskManager\TaskManager\Collaboration.cpp(99,11): warning C4267: 'argument': conversion from 'size_t' to 'unsigned int', possible loss of data
C:\Users\danie\source\repos\TaskManager\TaskManager\TaskManager\Collaboration.cpp(99,34): warning C4267: 'argument': conversion from 'size_t' to 'unsigned int', possible loss of data
C:\Users\danie\source\repos\TaskManager\TaskManager\TaskManager\Collaboration.cpp(119,73): warning C4267: 'argument': conversion from 'size_t' to 'unsigned int', possible loss of data
  Generating code
  3 of 505 functions ( 0.6%) were compiled, the rest were copied from previous compilation.
    0 functions were new in current compilation
    8 functions had inline decision re-evaluated but remain unchanged
  Finished generating code
  TaskManager.vcxproj -> C:\Users\danie\source\repos\TaskManager\TaskManager\x64\Release\TaskManager.exe
